Arguments: 
  /home/lolimay/.nvm/versions/node/v12.4.0/bin/node /home/lolimay/.config/yarn/global/node_modules/.bin/yarn init

PATH: 
  /home/lolimay/Android/Sdk/platform-tools:/home/lolimay/.local/bin:/home/lolimay/opt:/home/lolimay/.config/yarn/global/node_modules/.bin:/home/lolimay/opt/BaiduPCS-Go:/media/lolimay/Code/Shell:/media/lolimay/Code/Deepin/BaiduPCS:/home/lolimay/.nvm/versions/node/v12.4.0/bin:/home/lolimay/.local/bin:/usr/local/bin:/usr/bin:/bin:/usr/local/games:/usr/games:/sbin:/usr/sbin:/snap/bin

Yarn version: 
  1.16.0

Node version: 
  12.4.0

Platform: 
  linux x64

Trace: 
  Error: canceled
      at Interface.<anonymous> (/home/lolimay/.config/yarn/global/node_modules/yarn/lib/cli.js:125850:13)
      at Interface.emit (events.js:200:13)
      at Interface._ttyWrite (readline.js:877:16)
      at ReadStream.onkeypress (readline.js:189:10)
      at ReadStream.emit (events.js:200:13)
      at emitKeys (internal/readline.js:424:14)
      at emitKeys.next (<anonymous>)
      at ReadStream.onData (readline.js:1145:36)
      at ReadStream.emit (events.js:200:13)
      at addChunk (_stream_readable.js:294:12)

npm manifest: 
  {
    "scripts": {
      "start": "http-server ."
    },
    "devDependencies": {
      "http-server": "^0.11.1"
    }
  }

yarn manifest: 
  No manifest

Lockfile: 
  No lockfile
